[2018-04-16 02:44:51] production.ERROR: exception 'PDOException' with message 'SQLSTATE[HY000] [1045] Access denied for user 'root'@'localhost' (using password: YES)' in D:\xampp\htdocs\bookstore-master\vendor\laravel\framework\src\Illuminate\Database\Connectors\Connector.php:47
Stack trace:
#0 D:\xampp\htdocs\bookstore-master\vendor\laravel\framework\src\Illuminate\Database\Connectors\Connector.php(47): PDO->__construct('mysql:host=127....', 'root', 'root', Array)
#1 D:\xampp\htdocs\bookstore-master\vendor\laravel\framework\src\Illuminate\Database\Connectors\MySqlConnector.php(20): Illuminate\Database\Connectors\Connector->createConnection('mysql:host=127....', Array, Array)
#2 D:\xampp\htdocs\bookstore-master\vendor\compiled.php(10992): Illuminate\Database\Connectors\MySqlConnector->connect(Array)
#3 D:\xampp\htdocs\bookstore-master\vendor\compiled.php(10988): Illuminate\Database\Connectors\ConnectionFactory->createSingleConnection(Array)
#4 D:\xampp\htdocs\bookstore-master\vendor\compiled.php(10904): Illuminate\Database\Connectors\ConnectionFactory->make(Array, 'mysql')
#5 D:\xampp\htdocs\bookstore-master\vendor\compiled.php(10859): Illuminate\Database\DatabaseManager->makeConnection('mysql')
#6 D:\xampp\htdocs\bookstore-master\vendor\compiled.php(10737): Illuminate\Database\DatabaseManager->connection(NULL)
#7 D:\xampp\htdocs\bookstore-master\vendor\compiled.php(10724): Illuminate\Database\Eloquent\Model::resolveConnection(NULL)
#8 D:\xampp\htdocs\bookstore-master\vendor\compiled.php(10213): Illuminate\Database\Eloquent\Model->getConnection()
#9 D:\xampp\htdocs\bookstore-master\vendor\compiled.php(10190): Illuminate\Database\Eloquent\Model->newBaseQueryBuilder()
#10 D:\xampp\htdocs\bookstore-master\vendor\compiled.php(10180): Illuminate\Database\Eloquent\Model->newQueryWithoutScopes()
#11 D:\xampp\htdocs\bookstore-master\vendor\compiled.php(9735): Illuminate\Database\Eloquent\Model->newQuery()
#12 D:\xampp\htdocs\bookstore-master\app\Http\Controllers\HomeController.php(42): Illuminate\Database\Eloquent\Model::all()
#13 [internal function]: App\Http\Controllers\HomeController->index()
#14 D:\xampp\htdocs\bookstore-master\vendor\compiled.php(8558): call_user_func_array(Array, Array)
#15 D:\xampp\htdocs\bookstore-master\vendor\compiled.php(8626): Illuminate\Routing\Controller->callAction('index', Array)
#16 D:\xampp\htdocs\bookstore-master\vendor\compiled.php(8605): Illuminate\Routing\ControllerDispatcher->call(Object(App\Http\Controllers\HomeController), Object(Illuminate\Routing\Route), 'index')
#17 [internal function]: Illuminate\Routing\ControllerDispatcher->Illuminate\Routing\{closure}(Object(Illuminate\Http\Request))
#18 D:\xampp\htdocs\bookstore-master\vendor\compiled.php(9244): call_user_func(Object(Closure), Object(Illuminate\Http\Request))
#19 [internal function]: Illuminate\Pipeline\Pipeline->Illuminate\Pipeline\{closure}(Object(Illuminate\Http\Request))
#20 D:\xampp\htdocs\bookstore-master\vendor\compiled.php(9227): call_user_func(Object(Closure), Object(Illuminate\Http\Request))
#21 D:\xampp\htdocs\bookstore-master\vendor\compiled.php(8606): Illuminate\Pipeline\Pipeline->then(Object(Closure))
#22 D:\xampp\htdocs\bookstore-master\vendor\compiled.php(8592): Illuminate\Routing\ControllerDispatcher->callWithinStack(Object(App\Http\Controllers\HomeController), Object(Illuminate\Routing\Route), Object(Illuminate\Http\Request), 'index')
#23 D:\xampp\htdocs\bookstore-master\vendor\compiled.php(7583): Illuminate\Routing\ControllerDispatcher->dispatch(Object(Illuminate\Routing\Route), Object(Illuminate\Http\Request), 'App\\Http\\Contro...', 'index')
#24 D:\xampp\htdocs\bookstore-master\vendor\compiled.php(7554): Illuminate\Routing\Route->runWithCustomDispatcher(Object(Illuminate\Http\Request))
#25 D:\xampp\htdocs\bookstore-master\vendor\compiled.php(7219): Illuminate\Routing\Route->run(Object(Illuminate\Http\Request))
#26 [internal function]: Illuminate\Routing\Router->Illuminate\Routing\{closure}(Object(Illuminate\Http\Request))
#27 D:\xampp\htdocs\bookstore-master\vendor\compiled.php(9244): call_user_func(Object(Closure), Object(Illuminate\Http\Request))
#28 [internal function]: Illuminate\Pipeline\Pipeline->Illuminate\Pipeline\{closure}(Object(Illuminate\Http\Request))
#29 D:\xampp\htdocs\bookstore-master\vendor\compiled.php(9227): call_user_func(Object(Closure), Object(Illuminate\Http\Request))
#30 D:\xampp\htdocs\bookstore-master\vendor\compiled.php(7220): Illuminate\Pipeline\Pipeline->then(Object(Closure))
#31 D:\xampp\htdocs\bookstore-master\vendor\compiled.php(7209): Illuminate\Routing\Router->runRouteWithinStack(Object(Illuminate\Routing\Route), Object(Illuminate\Http\Request))
#32 D:\xampp\htdocs\bookstore-master\vendor\compiled.php(7194): Illuminate\Routing\Router->dispatchToRoute(Object(Illuminate\Http\Request))
#33 D:\xampp\htdocs\bookstore-master\vendor\compiled.php(2040): Illuminate\Routing\Router->dispatch(Object(Illuminate\Http\Request))
#34 [internal function]: Illuminate\Foundation\Http\Kernel->Illuminate\Foundation\Http\{closure}(Object(Illuminate\Http\Request))
#35 D:\xampp\htdocs\bookstore-master\vendor\compiled.php(9244): call_user_func(Object(Closure), Object(Illuminate\Http\Request))
#36 D:\xampp\htdocs\bookstore-master\vendor\compiled.php(2548): Illuminate\Pipeline\Pipeline->Illuminate\Pipeline\{closure}(Object(Illuminate\Http\Request))
#37 D:\xampp\htdocs\bookstore-master\app\Http\Middleware\VerifyCsrfToken.php(17): Illuminate\Foundation\Http\Middleware\VerifyCsrfToken->handle(Object(Illuminate\Http\Request), Object(Closure))
#38 D:\xampp\htdocs\bookstore-master\vendor\compiled.php(9236): App\Http\Middleware\VerifyCsrfToken->handle(Object(Illuminate\Http\Request), Object(Closure))
#39 D:\xampp\htdocs\bookstore-master\vendor\compiled.php(12416): Illuminate\Pipeline\Pipeline->Illuminate\Pipeline\{closure}(Object(Illuminate\Http\Request))
#40 D:\xampp\htdocs\bookstore-master\vendor\compiled.php(9236): Illuminate\View\Middleware\ShareErrorsFromSession->handle(Object(Illuminate\Http\Request), Object(Closure))
#41 D:\xampp\htdocs\bookstore-master\vendor\compiled.php(11106): Illuminate\Pipeline\Pipeline->Illuminate\Pipeline\{closure}(Object(Illuminate\Http\Request))
#42 D:\xampp\htdocs\bookstore-master\vendor\compiled.php(9236): Illuminate\Session\Middleware\StartSession->handle(Object(Illuminate\Http\Request), Object(Closure))
#43 D:\xampp\htdocs\bookstore-master\vendor\compiled.php(12118): Illuminate\Pipeline\Pipeline->Illuminate\Pipeline\{closure}(Object(Illuminate\Http\Request))
#44 D:\xampp\htdocs\bookstore-master\vendor\compiled.php(9236): Illuminate\Cookie\Middleware\AddQueuedCookiesToResponse->handle(Object(Illuminate\Http\Request), Object(Closure))
#45 D:\xampp\htdocs\bookstore-master\vendor\compiled.php(12066): Illuminate\Pipeline\Pipeline->Illuminate\Pipeline\{closure}(Object(Illuminate\Http\Request))
#46 D:\xampp\htdocs\bookstore-master\vendor\compiled.php(9236): Illuminate\Cookie\Middleware\EncryptCookies->handle(Object(Illuminate\Http\Request), Object(Closure))
#47 D:\xampp\htdocs\bookstore-master\vendor\compiled.php(2589): Illuminate\Pipeline\Pipeline->Illuminate\Pipeline\{closure}(Object(Illuminate\Http\Request))
#48 D:\xampp\htdocs\bookstore-master\vendor\compiled.php(9236): Illuminate\Foundation\Http\Middleware\CheckForMaintenanceMode->handle(Object(Illuminate\Http\Request), Object(Closure))
#49 [internal function]: Illuminate\Pipeline\Pipeline->Illuminate\Pipeline\{closure}(Object(Illuminate\Http\Request))
#50 D:\xampp\htdocs\bookstore-master\vendor\compiled.php(9227): call_user_func(Object(Closure), Object(Illuminate\Http\Request))
#51 D:\xampp\htdocs\bookstore-master\vendor\compiled.php(1996): Illuminate\Pipeline\Pipeline->then(Object(Closure))
#52 D:\xampp\htdocs\bookstore-master\vendor\compiled.php(1983): Illuminate\Foundation\Http\Kernel->sendRequestThroughRouter(Object(Illuminate\Http\Request))
#53 D:\xampp\htdocs\bookstore-master\public\index.php(51): Illuminate\Foundation\Http\Kernel->handle(Object(Illuminate\Http\Request))
#54 {main}  
[2018-04-16 02:48:57] local.ERROR: exception 'PDOException' with message 'SQLSTATE[42S02]: Base table or view not found: 1146 Table 'cseruet.category' doesn't exist' in D:\xampp\htdocs\bookstore-master\vendor\laravel\framework\src\Illuminate\Database\Connection.php:292
Stack trace:
#0 D:\xampp\htdocs\bookstore-master\vendor\laravel\framework\src\Illuminate\Database\Connection.php(292): PDO->prepare('select * from `...')
#1 D:\xampp\htdocs\bookstore-master\vendor\laravel\framework\src\Illuminate\Database\Connection.php(616): Illuminate\Database\Connection->Illuminate\Database\{closure}(Object(Illuminate\Database\MySqlConnection), 'select * from `...', Array)
#2 D:\xampp\htdocs\bookstore-master\vendor\laravel\framework\src\Illuminate\Database\Connection.php(580): Illuminate\Database\Connection->runQueryCallback('select * from `...', Array, Object(Closure))
#3 D:\xampp\htdocs\bookstore-master\vendor\laravel\framework\src\Illuminate\Database\Connection.php(297): Illuminate\Database\Connection->run('select * from `...', Array, Object(Closure))
#4 D:\xampp\htdocs\bookstore-master\vendor\laravel\framework\src\Illuminate\Database\Query\Builder.php(1377): Illuminate\Database\Connection->select('select * from `...', Array, true)
#5 D:\xampp\htdocs\bookstore-master\vendor\laravel\framework\src\Illuminate\Database\Query\Builder.php(1367): Illuminate\Database\Query\Builder->runSelect()
#6 D:\xampp\htdocs\bookstore-master\vendor\laravel\framework\src\Illuminate\Database\Query\Builder.php(1354): Illuminate\Database\Query\Builder->getFresh(Array)
#7 D:\xampp\htdocs\bookstore-master\vendor\laravel\framework\src\Illuminate\Database\Eloquent\Builder.php(380): Illuminate\Database\Query\Builder->get(Array)
#8 D:\xampp\htdocs\bookstore-master\vendor\laravel\framework\src\Illuminate\Database\Eloquent\Builder.php(162): Illuminate\Database\Eloquent\Builder->getModels(Array)
#9 D:\xampp\htdocs\bookstore-master\vendor\compiled.php(9735): Illuminate\Database\Eloquent\Builder->get(Array)
#10 D:\xampp\htdocs\bookstore-master\app\Http\Controllers\HomeController.php(42): Illuminate\Database\Eloquent\Model::all()
#11 [internal function]: App\Http\Controllers\HomeController->index()
#12 D:\xampp\htdocs\bookstore-master\vendor\compiled.php(8558): call_user_func_array(Array, Array)
#13 D:\xampp\htdocs\bookstore-master\vendor\compiled.php(8626): Illuminate\Routing\Controller->callAction('index', Array)
#14 D:\xampp\htdocs\bookstore-master\vendor\compiled.php(8605): Illuminate\Routing\ControllerDispatcher->call(Object(App\Http\Controllers\HomeController), Object(Illuminate\Routing\Route), 'index')
#15 [internal function]: Illuminate\Routing\ControllerDispatcher->Illuminate\Routing\{closure}(Object(Illuminate\Http\Request))
#16 D:\xampp\htdocs\bookstore-master\vendor\compiled.php(9244): call_user_func(Object(Closure), Object(Illuminate\Http\Request))
#17 [internal function]: Illuminate\Pipeline\Pipeline->Illuminate\Pipeline\{closure}(Object(Illuminate\Http\Request))
#18 D:\xampp\htdocs\bookstore-master\vendor\compiled.php(9227): call_user_func(Object(Closure), Object(Illuminate\Http\Request))
#19 D:\xampp\htdocs\bookstore-master\vendor\compiled.php(8606): Illuminate\Pipeline\Pipeline->then(Object(Closure))
#20 D:\xampp\htdocs\bookstore-master\vendor\compiled.php(8592): Illuminate\Routing\ControllerDispatcher->callWithinStack(Object(App\Http\Controllers\HomeController), Object(Illuminate\Routing\Route), Object(Illuminate\Http\Request), 'index')
#21 D:\xampp\htdocs\bookstore-master\vendor\compiled.php(7583): Illuminate\Routing\ControllerDispatcher->dispatch(Object(Illuminate\Routing\Route), Object(Illuminate\Http\Request), 'App\\Http\\Contro...', 'index')
#22 D:\xampp\htdocs\bookstore-master\vendor\compiled.php(7554): Illuminate\Routing\Route->runWithCustomDispatcher(Object(Illuminate\Http\Request))
#23 D:\xampp\htdocs\bookstore-master\vendor\compiled.php(7219): Illuminate\Routing\Route->run(Object(Illuminate\Http\Request))
#24 [internal function]: Illuminate\Routing\Router->Illuminate\Routing\{closure}(Object(Illuminate\Http\Request))
#25 D:\xampp\htdocs\bookstore-master\vendor\compiled.php(9244): call_user_func(Object(Closure), Object(Illuminate\Http\Request))
#26 [internal function]: Illuminate\Pipeline\Pipeline->Illuminate\Pipeline\{closure}(Object(Illuminate\Http\Request))
#27 D:\xampp\htdocs\bookstore-master\vendor\compiled.php(9227): call_user_func(Object(Closure), Object(Illuminate\Http\Request))
#28 D:\xampp\htdocs\bookstore-master\vendor\compiled.php(7220): Illuminate\Pipeline\Pipeline->then(Object(Closure))
#29 D:\xampp\htdocs\bookstore-master\vendor\compiled.php(7209): Illuminate\Routing\Router->runRouteWithinStack(Object(Illuminate\Routing\Route), Object(Illuminate\Http\Request))
#30 D:\xampp\htdocs\bookstore-master\vendor\compiled.php(7194): Illuminate\Routing\Router->dispatchToRoute(Object(Illuminate\Http\Request))
#31 D:\xampp\htdocs\bookstore-master\vendor\compiled.php(2040): Illuminate\Routing\Router->dispatch(Object(Illuminate\Http\Request))
#32 [internal function]: Illuminate\Foundation\Http\Kernel->Illuminate\Foundation\Http\{closure}(Object(Illuminate\Http\Request))
#33 D:\xampp\htdocs\bookstore-master\vendor\compiled.php(9244): call_user_func(Object(Closure), Object(Illuminate\Http\Request))
#34 D:\xampp\htdocs\bookstore-master\vendor\compiled.php(2548): Illuminate\Pipeline\Pipeline->Illuminate\Pipeline\{closure}(Object(Illuminate\Http\Request))
#35 D:\xampp\htdocs\bookstore-master\app\Http\Middleware\VerifyCsrfToken.php(17): Illuminate\Foundation\Http\Middleware\VerifyCsrfToken->handle(Object(Illuminate\Http\Request), Object(Closure))
#36 D:\xampp\htdocs\bookstore-master\vendor\compiled.php(9236): App\Http\Middleware\VerifyCsrfToken->handle(Object(Illuminate\Http\Request), Object(Closure))
#37 D:\xampp\htdocs\bookstore-master\vendor\compiled.php(12416): Illuminate\Pipeline\Pipeline->Illuminate\Pipeline\{closure}(Object(Illuminate\Http\Request))
#38 D:\xampp\htdocs\bookstore-master\vendor\compiled.php(9236): Illuminate\View\Middleware\ShareErrorsFromSession->handle(Object(Illuminate\Http\Request), Object(Closure))
#39 D:\xampp\htdocs\bookstore-master\vendor\compiled.php(11106): Illuminate\Pipeline\Pipeline->Illuminate\Pipeline\{closure}(Object(Illuminate\Http\Request))
#40 D:\xampp\htdocs\bookstore-master\vendor\compiled.php(9236): Illuminate\Session\Middleware\StartSession->handle(Object(Illuminate\Http\Request), Object(Closure))
#41 D:\xampp\htdocs\bookstore-master\vendor\compiled.php(12118): Illuminate\Pipeline\Pipeline->Illuminate\Pipeline\{closure}(Object(Illuminate\Http\Request))
#42 D:\xampp\htdocs\bookstore-master\vendor\compiled.php(9236): Illuminate\Cookie\Middleware\AddQueuedCookiesToResponse->handle(Object(Illuminate\Http\Request), Object(Closure))
#43 D:\xampp\htdocs\bookstore-master\vendor\compiled.php(12066): Illuminate\Pipeline\Pipeline->Illuminate\Pipeline\{closure}(Object(Illuminate\Http\Request))
#44 D:\xampp\htdocs\bookstore-master\vendor\compiled.php(9236): Illuminate\Cookie\Middleware\EncryptCookies->handle(Object(Illuminate\Http\Request), Object(Closure))
#45 D:\xampp\htdocs\bookstore-master\vendor\compiled.php(2589): Illuminate\Pipeline\Pipeline->Illuminate\Pipeline\{closure}(Object(Illuminate\Http\Request))
#46 D:\xampp\htdocs\bookstore-master\vendor\compiled.php(9236): Illuminate\Foundation\Http\Middleware\CheckForMaintenanceMode->handle(Object(Illuminate\Http\Request), Object(Closure))
#47 [internal function]: Illuminate\Pipeline\Pipeline->Illuminate\Pipeline\{closure}(Object(Illuminate\Http\Request))
#48 D:\xampp\htdocs\bookstore-master\vendor\compiled.php(9227): call_user_func(Object(Closure), Object(Illuminate\Http\Request))
#49 D:\xampp\htdocs\bookstore-master\vendor\compiled.php(1996): Illuminate\Pipeline\Pipeline->then(Object(Closure))
#50 D:\xampp\htdocs\bookstore-master\vendor\compiled.php(1983): Illuminate\Foundation\Http\Kernel->sendRequestThroughRouter(Object(Illuminate\Http\Request))
#51 D:\xampp\htdocs\bookstore-master\public\index.php(51): Illuminate\Foundation\Http\Kernel->handle(Object(Illuminate\Http\Request))
#52 {main}

Next exception 'Illuminate\Database\QueryException' with message 'SQLSTATE[42S02]: Base table or view not found: 1146 Table 'cseruet.category' doesn't exist (SQL: select * from `category`)' in D:\xampp\htdocs\bookstore-master\vendor\laravel\framework\src\Illuminate\Database\Connection.php:624
Stack trace:
#0 D:\xampp\htdocs\bookstore-master\vendor\laravel\framework\src\Illuminate\Database\Connection.php(580): Illuminate\Database\Connection->runQueryCallback('select * from `...', Array, Object(Closure))
#1 D:\xampp\htdocs\bookstore-master\vendor\laravel\framework\src\Illuminate\Database\Connection.php(297): Illuminate\Database\Connection->run('select * from `...', Array, Object(Closure))
#2 D:\xampp\htdocs\bookstore-master\vendor\laravel\framework\src\Illuminate\Database\Query\Builder.php(1377): Illuminate\Database\Connection->select('select * from `...', Array, true)
#3 D:\xampp\htdocs\bookstore-master\vendor\laravel\framework\src\Illuminate\Database\Query\Builder.php(1367): Illuminate\Database\Query\Builder->runSelect()
#4 D:\xampp\htdocs\bookstore-master\vendor\laravel\framework\src\Illuminate\Database\Query\Builder.php(1354): Illuminate\Database\Query\Builder->getFresh(Array)
#5 D:\xampp\htdocs\bookstore-master\vendor\laravel\framework\src\Illuminate\Database\Eloquent\Builder.php(380): Illuminate\Database\Query\Builder->get(Array)
#6 D:\xampp\htdocs\bookstore-master\vendor\laravel\framework\src\Illuminate\Database\Eloquent\Builder.php(162): Illuminate\Database\Eloquent\Builder->getModels(Array)
#7 D:\xampp\htdocs\bookstore-master\vendor\compiled.php(9735): Illuminate\Database\Eloquent\Builder->get(Array)
#8 D:\xampp\htdocs\bookstore-master\app\Http\Controllers\HomeController.php(42): Illuminate\Database\Eloquent\Model::all()
#9 [internal function]: App\Http\Controllers\HomeController->index()
#10 D:\xampp\htdocs\bookstore-master\vendor\compiled.php(8558): call_user_func_array(Array, Array)
#11 D:\xampp\htdocs\bookstore-master\vendor\compiled.php(8626): Illuminate\Routing\Controller->callAction('index', Array)
#12 D:\xampp\htdocs\bookstore-master\vendor\compiled.php(8605): Illuminate\Routing\ControllerDispatcher->call(Object(App\Http\Controllers\HomeController), Object(Illuminate\Routing\Route), 'index')
#13 [internal function]: Illuminate\Routing\ControllerDispatcher->Illuminate\Routing\{closure}(Object(Illuminate\Http\Request))
#14 D:\xampp\htdocs\bookstore-master\vendor\compiled.php(9244): call_user_func(Object(Closure), Object(Illuminate\Http\Request))
#15 [internal function]: Illuminate\Pipeline\Pipeline->Illuminate\Pipeline\{closure}(Object(Illuminate\Http\Request))
#16 D:\xampp\htdocs\bookstore-master\vendor\compiled.php(9227): call_user_func(Object(Closure), Object(Illuminate\Http\Request))
#17 D:\xampp\htdocs\bookstore-master\vendor\compiled.php(8606): Illuminate\Pipeline\Pipeline->then(Object(Closure))
#18 D:\xampp\htdocs\bookstore-master\vendor\compiled.php(8592): Illuminate\Routing\ControllerDispatcher->callWithinStack(Object(App\Http\Controllers\HomeController), Object(Illuminate\Routing\Route), Object(Illuminate\Http\Request), 'index')
#19 D:\xampp\htdocs\bookstore-master\vendor\compiled.php(7583): Illuminate\Routing\ControllerDispatcher->dispatch(Object(Illuminate\Routing\Route), Object(Illuminate\Http\Request), 'App\\Http\\Contro...', 'index')
#20 D:\xampp\htdocs\bookstore-master\vendor\compiled.php(7554): Illuminate\Routing\Route->runWithCustomDispatcher(Object(Illuminate\Http\Request))
#21 D:\xampp\htdocs\bookstore-master\vendor\compiled.php(7219): Illuminate\Routing\Route->run(Object(Illuminate\Http\Request))
#22 [internal function]: Illuminate\Routing\Router->Illuminate\Routing\{closure}(Object(Illuminate\Http\Request))
#23 D:\xampp\htdocs\bookstore-master\vendor\compiled.php(9244): call_user_func(Object(Closure), Object(Illuminate\Http\Request))
#24 [internal function]: Illuminate\Pipeline\Pipeline->Illuminate\Pipeline\{closure}(Object(Illuminate\Http\Request))
#25 D:\xampp\htdocs\bookstore-master\vendor\compiled.php(9227): call_user_func(Object(Closure), Object(Illuminate\Http\Request))
#26 D:\xampp\htdocs\bookstore-master\vendor\compiled.php(7220): Illuminate\Pipeline\Pipeline->then(Object(Closure))
#27 D:\xampp\htdocs\bookstore-master\vendor\compiled.php(7209): Illuminate\Routing\Router->runRouteWithinStack(Object(Illuminate\Routing\Route), Object(Illuminate\Http\Request))
#28 D:\xampp\htdocs\bookstore-master\vendor\compiled.php(7194): Illuminate\Routing\Router->dispatchToRoute(Object(Illuminate\Http\Request))
#29 D:\xampp\htdocs\bookstore-master\vendor\compiled.php(2040): Illuminate\Routing\Router->dispatch(Object(Illuminate\Http\Request))
#30 [internal function]: Illuminate\Foundation\Http\Kernel->Illuminate\Foundation\Http\{closure}(Object(Illuminate\Http\Request))
#31 D:\xampp\htdocs\bookstore-master\vendor\compiled.php(9244): call_user_func(Object(Closure), Object(Illuminate\Http\Request))
#32 D:\xampp\htdocs\bookstore-master\vendor\compiled.php(2548): Illuminate\Pipeline\Pipeline->Illuminate\Pipeline\{closure}(Object(Illuminate\Http\Request))
#33 D:\xampp\htdocs\bookstore-master\app\Http\Middleware\VerifyCsrfToken.php(17): Illuminate\Foundation\Http\Middleware\VerifyCsrfToken->handle(Object(Illuminate\Http\Request), Object(Closure))
#34 D:\xampp\htdocs\bookstore-master\vendor\compiled.php(9236): App\Http\Middleware\VerifyCsrfToken->handle(Object(Illuminate\Http\Request), Object(Closure))
#35 D:\xampp\htdocs\bookstore-master\vendor\compiled.php(12416): Illuminate\Pipeline\Pipeline->Illuminate\Pipeline\{closure}(Object(Illuminate\Http\Request))
#36 D:\xampp\htdocs\bookstore-master\vendor\compiled.php(9236): Illuminate\View\Middleware\ShareErrorsFromSession->handle(Object(Illuminate\Http\Request), Object(Closure))
#37 D:\xampp\htdocs\bookstore-master\vendor\compiled.php(11106): Illuminate\Pipeline\Pipeline->Illuminate\Pipeline\{closure}(Object(Illuminate\Http\Request))
#38 D:\xampp\htdocs\bookstore-master\vendor\compiled.php(9236): Illuminate\Session\Middleware\StartSession->handle(Object(Illuminate\Http\Request), Object(Closure))
#39 D:\xampp\htdocs\bookstore-master\vendor\compiled.php(12118): Illuminate\Pipeline\Pipeline->Illuminate\Pipeline\{closure}(Object(Illuminate\Http\Request))
#40 D:\xampp\htdocs\bookstore-master\vendor\compiled.php(9236): Illuminate\Cookie\Middleware\AddQueuedCookiesToResponse->handle(Object(Illuminate\Http\Request), Object(Closure))
#41 D:\xampp\htdocs\bookstore-master\vendor\compiled.php(12066): Illuminate\Pipeline\Pipeline->Illuminate\Pipeline\{closure}(Object(Illuminate\Http\Request))
#42 D:\xampp\htdocs\bookstore-master\vendor\compiled.php(9236): Illuminate\Cookie\Middleware\EncryptCookies->handle(Object(Illuminate\Http\Request), Object(Closure))
#43 D:\xampp\htdocs\bookstore-master\vendor\compiled.php(2589): Illuminate\Pipeline\Pipeline->Illuminate\Pipeline\{closure}(Object(Illuminate\Http\Request))
#44 D:\xampp\htdocs\bookstore-master\vendor\compiled.php(9236): Illuminate\Foundation\Http\Middleware\CheckForMaintenanceMode->handle(Object(Illuminate\Http\Request), Object(Closure))
#45 [internal function]: Illuminate\Pipeline\Pipeline->Illuminate\Pipeline\{closure}(Object(Illuminate\Http\Request))
#46 D:\xampp\htdocs\bookstore-master\vendor\compiled.php(9227): call_user_func(Object(Closure), Object(Illuminate\Http\Request))
#47 D:\xampp\htdocs\bookstore-master\vendor\compiled.php(1996): Illuminate\Pipeline\Pipeline->then(Object(Closure))
#48 D:\xampp\htdocs\bookstore-master\vendor\compiled.php(1983): Illuminate\Foundation\Http\Kernel->sendRequestThroughRouter(Object(Illuminate\Http\Request))
#49 D:\xampp\htdocs\bookstore-master\public\index.php(51): Illuminate\Foundation\Http\Kernel->handle(Object(Illuminate\Http\Request))
#50 {main}  
[2018-04-16 02:53:04] local.ERROR: exception 'PDOException' with message 'SQLSTATE[42S02]: Base table or view not found: 1146 Table 'onlinebookstore.category' doesn't exist' in D:\xampp\htdocs\bookstore-master\vendor\laravel\framework\src\Illuminate\Database\Connection.php:292
Stack trace:
#0 D:\xampp\htdocs\bookstore-master\vendor\laravel\framework\src\Illuminate\Database\Connection.php(292): PDO->prepare('select * from `...')
#1 D:\xampp\htdocs\bookstore-master\vendor\laravel\framework\src\Illuminate\Database\Connection.php(616): Illuminate\Database\Connection->Illuminate\Database\{closure}(Object(Illuminate\Database\MySqlConnection), 'select * from `...', Array)
#2 D:\xampp\htdocs\bookstore-master\vendor\laravel\framework\src\Illuminate\Database\Connection.php(580): Illuminate\Database\Connection->runQueryCallback('select * from `...', Array, Object(Closure))
#3 D:\xampp\htdocs\bookstore-master\vendor\laravel\framework\src\Illuminate\Database\Connection.php(297): Illuminate\Database\Connection->run('select * from `...', Array, Object(Closure))
#4 D:\xampp\htdocs\bookstore-master\vendor\laravel\framework\src\Illuminate\Database\Query\Builder.php(1377): Illuminate\Database\Connection->select('select * from `...', Array, true)
#5 D:\xampp\htdocs\bookstore-master\vendor\laravel\framework\src\Illuminate\Database\Query\Builder.php(1367): Illuminate\Database\Query\Builder->runSelect()
#6 D:\xampp\htdocs\bookstore-master\vendor\laravel\framework\src\Illuminate\Database\Query\Builder.php(1354): Illuminate\Database\Query\Builder->getFresh(Array)
#7 D:\xampp\htdocs\bookstore-master\vendor\laravel\framework\src\Illuminate\Database\Eloquent\Builder.php(380): Illuminate\Database\Query\Builder->get(Array)
#8 D:\xampp\htdocs\bookstore-master\vendor\laravel\framework\src\Illuminate\Database\Eloquent\Builder.php(162): Illuminate\Database\Eloquent\Builder->getModels(Array)
#9 D:\xampp\htdocs\bookstore-master\vendor\compiled.php(9735): Illuminate\Database\Eloquent\Builder->get(Array)
#10 D:\xampp\htdocs\bookstore-master\app\Http\Controllers\HomeController.php(42): Illuminate\Database\Eloquent\Model::all()
#11 [internal function]: App\Http\Controllers\HomeController->index()
#12 D:\xampp\htdocs\bookstore-master\vendor\compiled.php(8558): call_user_func_array(Array, Array)
#13 D:\xampp\htdocs\bookstore-master\vendor\compiled.php(8626): Illuminate\Routing\Controller->callAction('index', Array)
#14 D:\xampp\htdocs\bookstore-master\vendor\compiled.php(8605): Illuminate\Routing\ControllerDispatcher->call(Object(App\Http\Controllers\HomeController), Object(Illuminate\Routing\Route), 'index')
#15 [internal function]: Illuminate\Routing\ControllerDispatcher->Illuminate\Routing\{closure}(Object(Illuminate\Http\Request))
#16 D:\xampp\htdocs\bookstore-master\vendor\compiled.php(9244): call_user_func(Object(Closure), Object(Illuminate\Http\Request))
#17 [internal function]: Illuminate\Pipeline\Pipeline->Illuminate\Pipeline\{closure}(Object(Illuminate\Http\Request))
#18 D:\xampp\htdocs\bookstore-master\vendor\compiled.php(9227): call_user_func(Object(Closure), Object(Illuminate\Http\Request))
#19 D:\xampp\htdocs\bookstore-master\vendor\compiled.php(8606): Illuminate\Pipeline\Pipeline->then(Object(Closure))
#20 D:\xampp\htdocs\bookstore-master\vendor\compiled.php(8592): Illuminate\Routing\ControllerDispatcher->callWithinStack(Object(App\Http\Controllers\HomeController), Object(Illuminate\Routing\Route), Object(Illuminate\Http\Request), 'index')
#21 D:\xampp\htdocs\bookstore-master\vendor\compiled.php(7583): Illuminate\Routing\ControllerDispatcher->dispatch(Object(Illuminate\Routing\Route), Object(Illuminate\Http\Request), 'App\\Http\\Contro...', 'index')
#22 D:\xampp\htdocs\bookstore-master\vendor\compiled.php(7554): Illuminate\Routing\Route->runWithCustomDispatcher(Object(Illuminate\Http\Request))
#23 D:\xampp\htdocs\bookstore-master\vendor\compiled.php(7219): Illuminate\Routing\Route->run(Object(Illuminate\Http\Request))
#24 [internal function]: Illuminate\Routing\Router->Illuminate\Routing\{closure}(Object(Illuminate\Http\Request))
#25 D:\xampp\htdocs\bookstore-master\vendor\compiled.php(9244): call_user_func(Object(Closure), Object(Illuminate\Http\Request))
#26 [internal function]: Illuminate\Pipeline\Pipeline->Illuminate\Pipeline\{closure}(Object(Illuminate\Http\Request))
#27 D:\xampp\htdocs\bookstore-master\vendor\compiled.php(9227): call_user_func(Object(Closure), Object(Illuminate\Http\Request))
#28 D:\xampp\htdocs\bookstore-master\vendor\compiled.php(7220): Illuminate\Pipeline\Pipeline->then(Object(Closure))
#29 D:\xampp\htdocs\bookstore-master\vendor\compiled.php(7209): Illuminate\Routing\Router->runRouteWithinStack(Object(Illuminate\Routing\Route), Object(Illuminate\Http\Request))
#30 D:\xampp\htdocs\bookstore-master\vendor\compiled.php(7194): Illuminate\Routing\Router->dispatchToRoute(Object(Illuminate\Http\Request))
#31 D:\xampp\htdocs\bookstore-master\vendor\compiled.php(2040): Illuminate\Routing\Router->dispatch(Object(Illuminate\Http\Request))
#32 [internal function]: Illuminate\Foundation\Http\Kernel->Illuminate\Foundation\Http\{closure}(Object(Illuminate\Http\Request))
#33 D:\xampp\htdocs\bookstore-master\vendor\compiled.php(9244): call_user_func(Object(Closure), Object(Illuminate\Http\Request))
#34 D:\xampp\htdocs\bookstore-master\vendor\compiled.php(2548): Illuminate\Pipeline\Pipeline->Illuminate\Pipeline\{closure}(Object(Illuminate\Http\Request))
#35 D:\xampp\htdocs\bookstore-master\app\Http\Middleware\VerifyCsrfToken.php(17): Illuminate\Foundation\Http\Middleware\VerifyCsrfToken->handle(Object(Illuminate\Http\Request), Object(Closure))
#36 D:\xampp\htdocs\bookstore-master\vendor\compiled.php(9236): App\Http\Middleware\VerifyCsrfToken->handle(Object(Illuminate\Http\Request), Object(Closure))
#37 D:\xampp\htdocs\bookstore-master\vendor\compiled.php(12416): Illuminate\Pipeline\Pipeline->Illuminate\Pipeline\{closure}(Object(Illuminate\Http\Request))
#38 D:\xampp\htdocs\bookstore-master\vendor\compiled.php(9236): Illuminate\View\Middleware\ShareErrorsFromSession->handle(Object(Illuminate\Http\Request), Object(Closure))
#39 D:\xampp\htdocs\bookstore-master\vendor\compiled.php(11106): Illuminate\Pipeline\Pipeline->Illuminate\Pipeline\{closure}(Object(Illuminate\Http\Request))
#40 D:\xampp\htdocs\bookstore-master\vendor\compiled.php(9236): Illuminate\Session\Middleware\StartSession->handle(Object(Illuminate\Http\Request), Object(Closure))
#41 D:\xampp\htdocs\bookstore-master\vendor\compiled.php(12118): Illuminate\Pipeline\Pipeline->Illuminate\Pipeline\{closure}(Object(Illuminate\Http\Request))
#42 D:\xampp\htdocs\bookstore-master\vendor\compiled.php(9236): Illuminate\Cookie\Middleware\AddQueuedCookiesToResponse->handle(Object(Illuminate\Http\Request), Object(Closure))
#43 D:\xampp\htdocs\bookstore-master\vendor\compiled.php(12066): Illuminate\Pipeline\Pipeline->Illuminate\Pipeline\{closure}(Object(Illuminate\Http\Request))
#44 D:\xampp\htdocs\bookstore-master\vendor\compiled.php(9236): Illuminate\Cookie\Middleware\EncryptCookies->handle(Object(Illuminate\Http\Request), Object(Closure))
#45 D:\xampp\htdocs\bookstore-master\vendor\compiled.php(2589): Illuminate\Pipeline\Pipeline->Illuminate\Pipeline\{closure}(Object(Illuminate\Http\Request))
#46 D:\xampp\htdocs\bookstore-master\vendor\compiled.php(9236): Illuminate\Foundation\Http\Middleware\CheckForMaintenanceMode->handle(Object(Illuminate\Http\Request), Object(Closure))
#47 [internal function]: Illuminate\Pipeline\Pipeline->Illuminate\Pipeline\{closure}(Object(Illuminate\Http\Request))
#48 D:\xampp\htdocs\bookstore-master\vendor\compiled.php(9227): call_user_func(Object(Closure), Object(Illuminate\Http\Request))
#49 D:\xampp\htdocs\bookstore-master\vendor\compiled.php(1996): Illuminate\Pipeline\Pipeline->then(Object(Closure))
#50 D:\xampp\htdocs\bookstore-master\vendor\compiled.php(1983): Illuminate\Foundation\Http\Kernel->sendRequestThroughRouter(Object(Illuminate\Http\Request))
#51 D:\xampp\htdocs\bookstore-master\public\index.php(51): Illuminate\Foundation\Http\Kernel->handle(Object(Illuminate\Http\Request))
#52 {main}

Next exception 'Illuminate\Database\QueryException' with message 'SQLSTATE[42S02]: Base table or view not found: 1146 Table 'onlinebookstore.category' doesn't exist (SQL: select * from `category`)' in D:\xampp\htdocs\bookstore-master\vendor\laravel\framework\src\Illuminate\Database\Connection.php:624
Stack trace:
#0 D:\xampp\htdocs\bookstore-master\vendor\laravel\framework\src\Illuminate\Database\Connection.php(580): Illuminate\Database\Connection->runQueryCallback('select * from `...', Array, Object(Closure))
#1 D:\xampp\htdocs\bookstore-master\vendor\laravel\framework\src\Illuminate\Database\Connection.php(297): Illuminate\Database\Connection->run('select * from `...', Array, Object(Closure))
#2 D:\xampp\htdocs\bookstore-master\vendor\laravel\framework\src\Illuminate\Database\Query\Builder.php(1377): Illuminate\Database\Connection->select('select * from `...', Array, true)
#3 D:\xampp\htdocs\bookstore-master\vendor\laravel\framework\src\Illuminate\Database\Query\Builder.php(1367): Illuminate\Database\Query\Builder->runSelect()
#4 D:\xampp\htdocs\bookstore-master\vendor\laravel\framework\src\Illuminate\Database\Query\Builder.php(1354): Illuminate\Database\Query\Builder->getFresh(Array)
#5 D:\xampp\htdocs\bookstore-master\vendor\laravel\framework\src\Illuminate\Database\Eloquent\Builder.php(380): Illuminate\Database\Query\Builder->get(Array)
#6 D:\xampp\htdocs\bookstore-master\vendor\laravel\framework\src\Illuminate\Database\Eloquent\Builder.php(162): Illuminate\Database\Eloquent\Builder->getModels(Array)
#7 D:\xampp\htdocs\bookstore-master\vendor\compiled.php(9735): Illuminate\Database\Eloquent\Builder->get(Array)
#8 D:\xampp\htdocs\bookstore-master\app\Http\Controllers\HomeController.php(42): Illuminate\Database\Eloquent\Model::all()
#9 [internal function]: App\Http\Controllers\HomeController->index()
#10 D:\xampp\htdocs\bookstore-master\vendor\compiled.php(8558): call_user_func_array(Array, Array)
#11 D:\xampp\htdocs\bookstore-master\vendor\compiled.php(8626): Illuminate\Routing\Controller->callAction('index', Array)
#12 D:\xampp\htdocs\bookstore-master\vendor\compiled.php(8605): Illuminate\Routing\ControllerDispatcher->call(Object(App\Http\Controllers\HomeController), Object(Illuminate\Routing\Route), 'index')
#13 [internal function]: Illuminate\Routing\ControllerDispatcher->Illuminate\Routing\{closure}(Object(Illuminate\Http\Request))
#14 D:\xampp\htdocs\bookstore-master\vendor\compiled.php(9244): call_user_func(Object(Closure), Object(Illuminate\Http\Request))
#15 [internal function]: Illuminate\Pipeline\Pipeline->Illuminate\Pipeline\{closure}(Object(Illuminate\Http\Request))
#16 D:\xampp\htdocs\bookstore-master\vendor\compiled.php(9227): call_user_func(Object(Closure), Object(Illuminate\Http\Request))
#17 D:\xampp\htdocs\bookstore-master\vendor\compiled.php(8606): Illuminate\Pipeline\Pipeline->then(Object(Closure))
#18 D:\xampp\htdocs\bookstore-master\vendor\compiled.php(8592): Illuminate\Routing\ControllerDispatcher->callWithinStack(Object(App\Http\Controllers\HomeController), Object(Illuminate\Routing\Route), Object(Illuminate\Http\Request), 'index')
#19 D:\xampp\htdocs\bookstore-master\vendor\compiled.php(7583): Illuminate\Routing\ControllerDispatcher->dispatch(Object(Illuminate\Routing\Route), Object(Illuminate\Http\Request), 'App\\Http\\Contro...', 'index')
#20 D:\xampp\htdocs\bookstore-master\vendor\compiled.php(7554): Illuminate\Routing\Route->runWithCustomDispatcher(Object(Illuminate\Http\Request))
#21 D:\xampp\htdocs\bookstore-master\vendor\compiled.php(7219): Illuminate\Routing\Route->run(Object(Illuminate\Http\Request))
#22 [internal function]: Illuminate\Routing\Router->Illuminate\Routing\{closure}(Object(Illuminate\Http\Request))
#23 D:\xampp\htdocs\bookstore-master\vendor\compiled.php(9244): call_user_func(Object(Closure), Object(Illuminate\Http\Request))
#24 [internal function]: Illuminate\Pipeline\Pipeline->Illuminate\Pipeline\{closure}(Object(Illuminate\Http\Request))
#25 D:\xampp\htdocs\bookstore-master\vendor\compiled.php(9227): call_user_func(Object(Closure), Object(Illuminate\Http\Request))
#26 D:\xampp\htdocs\bookstore-master\vendor\compiled.php(7220): Illuminate\Pipeline\Pipeline->then(Object(Closure))
#27 D:\xampp\htdocs\bookstore-master\vendor\compiled.php(7209): Illuminate\Routing\Router->runRouteWithinStack(Object(Illuminate\Routing\Route), Object(Illuminate\Http\Request))
#28 D:\xampp\htdocs\bookstore-master\vendor\compiled.php(7194): Illuminate\Routing\Router->dispatchToRoute(Object(Illuminate\Http\Request))
#29 D:\xampp\htdocs\bookstore-master\vendor\compiled.php(2040): Illuminate\Routing\Router->dispatch(Object(Illuminate\Http\Request))
#30 [internal function]: Illuminate\Foundation\Http\Kernel->Illuminate\Foundation\Http\{closure}(Object(Illuminate\Http\Request))
#31 D:\xampp\htdocs\bookstore-master\vendor\compiled.php(9244): call_user_func(Object(Closure), Object(Illuminate\Http\Request))
#32 D:\xampp\htdocs\bookstore-master\vendor\compiled.php(2548): Illuminate\Pipeline\Pipeline->Illuminate\Pipeline\{closure}(Object(Illuminate\Http\Request))
#33 D:\xampp\htdocs\bookstore-master\app\Http\Middleware\VerifyCsrfToken.php(17): Illuminate\Foundation\Http\Middleware\VerifyCsrfToken->handle(Object(Illuminate\Http\Request), Object(Closure))
#34 D:\xampp\htdocs\bookstore-master\vendor\compiled.php(9236): App\Http\Middleware\VerifyCsrfToken->handle(Object(Illuminate\Http\Request), Object(Closure))
#35 D:\xampp\htdocs\bookstore-master\vendor\compiled.php(12416): Illuminate\Pipeline\Pipeline->Illuminate\Pipeline\{closure}(Object(Illuminate\Http\Request))
#36 D:\xampp\htdocs\bookstore-master\vendor\compiled.php(9236): Illuminate\View\Middleware\ShareErrorsFromSession->handle(Object(Illuminate\Http\Request), Object(Closure))
#37 D:\xampp\htdocs\bookstore-master\vendor\compiled.php(11106): Illuminate\Pipeline\Pipeline->Illuminate\Pipeline\{closure}(Object(Illuminate\Http\Request))
#38 D:\xampp\htdocs\bookstore-master\vendor\compiled.php(9236): Illuminate\Session\Middleware\StartSession->handle(Object(Illuminate\Http\Request), Object(Closure))
#39 D:\xampp\htdocs\bookstore-master\vendor\compiled.php(12118): Illuminate\Pipeline\Pipeline->Illuminate\Pipeline\{closure}(Object(Illuminate\Http\Request))
#40 D:\xampp\htdocs\bookstore-master\vendor\compiled.php(9236): Illuminate\Cookie\Middleware\AddQueuedCookiesToResponse->handle(Object(Illuminate\Http\Request), Object(Closure))
#41 D:\xampp\htdocs\bookstore-master\vendor\compiled.php(12066): Illuminate\Pipeline\Pipeline->Illuminate\Pipeline\{closure}(Object(Illuminate\Http\Request))
#42 D:\xampp\htdocs\bookstore-master\vendor\compiled.php(9236): Illuminate\Cookie\Middleware\EncryptCookies->handle(Object(Illuminate\Http\Request), Object(Closure))
#43 D:\xampp\htdocs\bookstore-master\vendor\compiled.php(2589): Illuminate\Pipeline\Pipeline->Illuminate\Pipeline\{closure}(Object(Illuminate\Http\Request))
#44 D:\xampp\htdocs\bookstore-master\vendor\compiled.php(9236): Illuminate\Foundation\Http\Middleware\CheckForMaintenanceMode->handle(Object(Illuminate\Http\Request), Object(Closure))
#45 [internal function]: Illuminate\Pipeline\Pipeline->Illuminate\Pipeline\{closure}(Object(Illuminate\Http\Request))
#46 D:\xampp\htdocs\bookstore-master\vendor\compiled.php(9227): call_user_func(Object(Closure), Object(Illuminate\Http\Request))
#47 D:\xampp\htdocs\bookstore-master\vendor\compiled.php(1996): Illuminate\Pipeline\Pipeline->then(Object(Closure))
#48 D:\xampp\htdocs\bookstore-master\vendor\compiled.php(1983): Illuminate\Foundation\Http\Kernel->sendRequestThroughRouter(Object(Illuminate\Http\Request))
#49 D:\xampp\htdocs\bookstore-master\public\index.php(51): Illuminate\Foundation\Http\Kernel->handle(Object(Illuminate\Http\Request))
#50 {main}  
[2018-04-16 02:59:02] local.ERROR: exception 'ErrorException' with message 'mcrypt_encrypt(): Key of size 51 not supported by this algorithm. Only keys of sizes 16, 24 or 32 supported' in D:\xampp\htdocs\BookStore_Online\vendor\laravel\framework\src\Illuminate\Encryption\Encrypter.php:81
Stack trace:
#0 [internal function]: Illuminate\Foundation\Bootstrap\HandleExceptions->handleError(2, 'mcrypt_encrypt(...', 'D:\\xampp\\htdocs...', 81, Array)
#1 D:\xampp\htdocs\BookStore_Online\vendor\laravel\framework\src\Illuminate\Encryption\Encrypter.php(81): mcrypt_encrypt('rijndael-128', 'base64:ZSLcCOTu...', 's:40:"93OxZQIph...', 'cbc', '\x8B\xEDJ\xBF\x81\xE9\x06\xCE\x81\xEBAfnH\xF6...')
#2 D:\xampp\htdocs\BookStore_Online\vendor\laravel\framework\src\Illuminate\Encryption\Encrypter.php(60): Illuminate\Encryption\Encrypter->padAndMcrypt('93OxZQIpha2vwp1...', '\x8B\xEDJ\xBF\x81\xE9\x06\xCE\x81\xEBAfnH\xF6...')
#3 D:\xampp\htdocs\BookStore_Online\vendor\laravel\framework\src\Illuminate\Cookie\Middleware\EncryptCookies.php(108): Illuminate\Encryption\Encrypter->encrypt('93OxZQIpha2vwp1...')
#4 D:\xampp\htdocs\BookStore_Online\vendor\laravel\framework\src\Illuminate\Cookie\Middleware\EncryptCookies.php(40): Illuminate\Cookie\Middleware\EncryptCookies->encrypt(Object(Illuminate\Http\Response))
#5 D:\xampp\htdocs\BookStore_Online\vendor\laravel\framework\src\Illuminate\Pipeline\Pipeline.php(125): Illuminate\Cookie\Middleware\EncryptCookies->handle(Object(Illuminate\Http\Request), Object(Closure))
#6 D:\xampp\htdocs\BookStore_Online\vendor\laravel\framework\src\Illuminate\Foundation\Http\Middleware\CheckForMaintenanceMode.php(42): Illuminate\Pipeline\Pipeline->Illuminate\Pipeline\{closure}(Object(Illuminate\Http\Request))
#7 D:\xampp\htdocs\BookStore_Online\vendor\laravel\framework\src\Illuminate\Pipeline\Pipeline.php(125): Illuminate\Foundation\Http\Middleware\CheckForMaintenanceMode->handle(Object(Illuminate\Http\Request), Object(Closure))
#8 [internal function]: Illuminate\Pipeline\Pipeline->Illuminate\Pipeline\{closure}(Object(Illuminate\Http\Request))
#9 D:\xampp\htdocs\BookStore_Online\vendor\laravel\framework\src\Illuminate\Pipeline\Pipeline.php(101): call_user_func(Object(Closure), Object(Illuminate\Http\Request))
#10 D:\xampp\htdocs\BookStore_Online\vendor\laravel\framework\src\Illuminate\Foundation\Http\Kernel.php(115): Illuminate\Pipeline\Pipeline->then(Object(Closure))
#11 D:\xampp\htdocs\BookStore_Online\vendor\laravel\framework\src\Illuminate\Foundation\Http\Kernel.php(84): Illuminate\Foundation\Http\Kernel->sendRequestThroughRouter(Object(Illuminate\Http\Request))
#12 D:\xampp\htdocs\BookStore_Online\public\index.php(51): Illuminate\Foundation\Http\Kernel->handle(Object(Illuminate\Http\Request))
#13 {main}  
[2018-04-16 02:59:36] local.ERROR: exception 'ErrorException' with message 'mcrypt_encrypt(): Key of size 51 not supported by this algorithm. Only keys of sizes 16, 24 or 32 supported' in D:\xampp\htdocs\BookStore_Online\vendor\laravel\framework\src\Illuminate\Encryption\Encrypter.php:81
Stack trace:
#0 [internal function]: Illuminate\Foundation\Bootstrap\HandleExceptions->handleError(2, 'mcrypt_encrypt(...', 'D:\\xampp\\htdocs...', 81, Array)
#1 D:\xampp\htdocs\BookStore_Online\vendor\laravel\framework\src\Illuminate\Encryption\Encrypter.php(81): mcrypt_encrypt('rijndael-128', 'base64:ZSLcCOTu...', 's:40:"iywcdiDum...', 'cbc', '%\xCEU\xFC9h\xB8\x0E\xD5\x95\xC6\x87|W"...')
#2 D:\xampp\htdocs\BookStore_Online\vendor\laravel\framework\src\Illuminate\Encryption\Encrypter.php(60): Illuminate\Encryption\Encrypter->padAndMcrypt('iywcdiDumvpK36T...', '%\xCEU\xFC9h\xB8\x0E\xD5\x95\xC6\x87|W"...')
#3 D:\xampp\htdocs\BookStore_Online\vendor\laravel\framework\src\Illuminate\Cookie\Middleware\EncryptCookies.php(108): Illuminate\Encryption\Encrypter->encrypt('iywcdiDumvpK36T...')
#4 D:\xampp\htdocs\BookStore_Online\vendor\laravel\framework\src\Illuminate\Cookie\Middleware\EncryptCookies.php(40): Illuminate\Cookie\Middleware\EncryptCookies->encrypt(Object(Illuminate\Http\Response))
#5 D:\xampp\htdocs\BookStore_Online\vendor\laravel\framework\src\Illuminate\Pipeline\Pipeline.php(125): Illuminate\Cookie\Middleware\EncryptCookies->handle(Object(Illuminate\Http\Request), Object(Closure))
#6 D:\xampp\htdocs\BookStore_Online\vendor\laravel\framework\src\Illuminate\Foundation\Http\Middleware\CheckForMaintenanceMode.php(42): Illuminate\Pipeline\Pipeline->Illuminate\Pipeline\{closure}(Object(Illuminate\Http\Request))
#7 D:\xampp\htdocs\BookStore_Online\vendor\laravel\framework\src\Illuminate\Pipeline\Pipeline.php(125): Illuminate\Foundation\Http\Middleware\CheckForMaintenanceMode->handle(Object(Illuminate\Http\Request), Object(Closure))
#8 [internal function]: Illuminate\Pipeline\Pipeline->Illuminate\Pipeline\{closure}(Object(Illuminate\Http\Request))
#9 D:\xampp\htdocs\BookStore_Online\vendor\laravel\framework\src\Illuminate\Pipeline\Pipeline.php(101): call_user_func(Object(Closure), Object(Illuminate\Http\Request))
#10 D:\xampp\htdocs\BookStore_Online\vendor\laravel\framework\src\Illuminate\Foundation\Http\Kernel.php(115): Illuminate\Pipeline\Pipeline->then(Object(Closure))
#11 D:\xampp\htdocs\BookStore_Online\vendor\laravel\framework\src\Illuminate\Foundation\Http\Kernel.php(84): Illuminate\Foundation\Http\Kernel->sendRequestThroughRouter(Object(Illuminate\Http\Request))
#12 D:\xampp\htdocs\BookStore_Online\public\index.php(51): Illuminate\Foundation\Http\Kernel->handle(Object(Illuminate\Http\Request))
#13 {main}  
[2018-04-16 03:02:48] local.ERROR: exception 'ErrorException' with message 'mcrypt_encrypt(): Key of size 51 not supported by this algorithm. Only keys of sizes 16, 24 or 32 supported' in D:\xampp\htdocs\BookStore_Online\vendor\laravel\framework\src\Illuminate\Encryption\Encrypter.php:81
Stack trace:
#0 [internal function]: Illuminate\Foundation\Bootstrap\HandleExceptions->handleError(2, 'mcrypt_encrypt(...', 'D:\\xampp\\htdocs...', 81, Array)
#1 D:\xampp\htdocs\BookStore_Online\vendor\laravel\framework\src\Illuminate\Encryption\Encrypter.php(81): mcrypt_encrypt('rijndael-128', 'base64:ZSLcCOTu...', 's:40:"JJPVAvdPh...', 'cbc', '(ut0\xAB\xD7\xACSx\x97%\xD1\xCC\xF1U...')
#2 D:\xampp\htdocs\BookStore_Online\vendor\laravel\framework\src\Illuminate\Encryption\Encrypter.php(60): Illuminate\Encryption\Encrypter->padAndMcrypt('JJPVAvdPhTgBBkO...', '(ut0\xAB\xD7\xACSx\x97%\xD1\xCC\xF1U...')
#3 D:\xampp\htdocs\BookStore_Online\vendor\laravel\framework\src\Illuminate\Cookie\Middleware\EncryptCookies.php(108): Illuminate\Encryption\Encrypter->encrypt('JJPVAvdPhTgBBkO...')
#4 D:\xampp\htdocs\BookStore_Online\vendor\laravel\framework\src\Illuminate\Cookie\Middleware\EncryptCookies.php(40): Illuminate\Cookie\Middleware\EncryptCookies->encrypt(Object(Illuminate\Http\Response))
#5 D:\xampp\htdocs\BookStore_Online\vendor\laravel\framework\src\Illuminate\Pipeline\Pipeline.php(125): Illuminate\Cookie\Middleware\EncryptCookies->handle(Object(Illuminate\Http\Request), Object(Closure))
#6 D:\xampp\htdocs\BookStore_Online\vendor\laravel\framework\src\Illuminate\Foundation\Http\Middleware\CheckForMaintenanceMode.php(42): Illuminate\Pipeline\Pipeline->Illuminate\Pipeline\{closure}(Object(Illuminate\Http\Request))
#7 D:\xampp\htdocs\BookStore_Online\vendor\laravel\framework\src\Illuminate\Pipeline\Pipeline.php(125): Illuminate\Foundation\Http\Middleware\CheckForMaintenanceMode->handle(Object(Illuminate\Http\Request), Object(Closure))
#8 [internal function]: Illuminate\Pipeline\Pipeline->Illuminate\Pipeline\{closure}(Object(Illuminate\Http\Request))
#9 D:\xampp\htdocs\BookStore_Online\vendor\laravel\framework\src\Illuminate\Pipeline\Pipeline.php(101): call_user_func(Object(Closure), Object(Illuminate\Http\Request))
#10 D:\xampp\htdocs\BookStore_Online\vendor\laravel\framework\src\Illuminate\Foundation\Http\Kernel.php(115): Illuminate\Pipeline\Pipeline->then(Object(Closure))
#11 D:\xampp\htdocs\BookStore_Online\vendor\laravel\framework\src\Illuminate\Foundation\Http\Kernel.php(84): Illuminate\Foundation\Http\Kernel->sendRequestThroughRouter(Object(Illuminate\Http\Request))
#12 D:\xampp\htdocs\BookStore_Online\public\index.php(51): Illuminate\Foundation\Http\Kernel->handle(Object(Illuminate\Http\Request))
#13 {main}  
[2018-04-16 03:02:53] local.ERROR: exception 'ErrorException' with message 'mcrypt_encrypt(): Key of size 51 not supported by this algorithm. Only keys of sizes 16, 24 or 32 supported' in D:\xampp\htdocs\BookStore_Online\vendor\laravel\framework\src\Illuminate\Encryption\Encrypter.php:81
Stack trace:
#0 [internal function]: Illuminate\Foundation\Bootstrap\HandleExceptions->handleError(2, 'mcrypt_encrypt(...', 'D:\\xampp\\htdocs...', 81, Array)
#1 D:\xampp\htdocs\BookStore_Online\vendor\laravel\framework\src\Illuminate\Encryption\Encrypter.php(81): mcrypt_encrypt('rijndael-128', 'base64:ZSLcCOTu...', 's:40:"1FQmbrvAp...', 'cbc', 'h\xB7\x83\x02\xC6\xC0\x9FDtg\xBEr\xBF4\xD9...')
#2 D:\xampp\htdocs\BookStore_Online\vendor\laravel\framework\src\Illuminate\Encryption\Encrypter.php(60): Illuminate\Encryption\Encrypter->padAndMcrypt('1FQmbrvApem7xtW...', 'h\xB7\x83\x02\xC6\xC0\x9FDtg\xBEr\xBF4\xD9...')
#3 D:\xampp\htdocs\BookStore_Online\vendor\laravel\framework\src\Illuminate\Cookie\Middleware\EncryptCookies.php(108): Illuminate\Encryption\Encrypter->encrypt('1FQmbrvApem7xtW...')
#4 D:\xampp\htdocs\BookStore_Online\vendor\laravel\framework\src\Illuminate\Cookie\Middleware\EncryptCookies.php(40): Illuminate\Cookie\Middleware\EncryptCookies->encrypt(Object(Illuminate\Http\Response))
#5 D:\xampp\htdocs\BookStore_Online\vendor\laravel\framework\src\Illuminate\Pipeline\Pipeline.php(125): Illuminate\Cookie\Middleware\EncryptCookies->handle(Object(Illuminate\Http\Request), Object(Closure))
#6 D:\xampp\htdocs\BookStore_Online\vendor\laravel\framework\src\Illuminate\Foundation\Http\Middleware\CheckForMaintenanceMode.php(42): Illuminate\Pipeline\Pipeline->Illuminate\Pipeline\{closure}(Object(Illuminate\Http\Request))
#7 D:\xampp\htdocs\BookStore_Online\vendor\laravel\framework\src\Illuminate\Pipeline\Pipeline.php(125): Illuminate\Foundation\Http\Middleware\CheckForMaintenanceMode->handle(Object(Illuminate\Http\Request), Object(Closure))
#8 [internal function]: Illuminate\Pipeline\Pipeline->Illuminate\Pipeline\{closure}(Object(Illuminate\Http\Request))
#9 D:\xampp\htdocs\BookStore_Online\vendor\laravel\framework\src\Illuminate\Pipeline\Pipeline.php(101): call_user_func(Object(Closure), Object(Illuminate\Http\Request))
#10 D:\xampp\htdocs\BookStore_Online\vendor\laravel\framework\src\Illuminate\Foundation\Http\Kernel.php(115): Illuminate\Pipeline\Pipeline->then(Object(Closure))
#11 D:\xampp\htdocs\BookStore_Online\vendor\laravel\framework\src\Illuminate\Foundation\Http\Kernel.php(84): Illuminate\Foundation\Http\Kernel->sendRequestThroughRouter(Object(Illuminate\Http\Request))
#12 D:\xampp\htdocs\BookStore_Online\public\index.php(51): Illuminate\Foundation\Http\Kernel->handle(Object(Illuminate\Http\Request))
#13 {main}  
[2018-04-16 15:15:01] local.ERROR: exception 'Symfony\Component\Debug\Exception\FatalErrorException' with message 'Call to undefined function aaset()' in D:\xampp\htdocs\BookStore_Online\storage\framework\views\f7dd430834b78a2886c024aa0d41c622:77
Stack trace:
#0 {main}  
